<?xml version="1.0" encoding="utf-8"?>
<TestRun id="1cd2c73d-ef70-4a5d-9d46-42ccfaf16261" name="Hashmat@DESKTOP-R2P4LJE 2024-11-30 21:32:02" runUser="DESKTOP-R2P4LJE\Hashmat" xmlns="http://microsoft.com/schemas/VisualStudio/TeamTest/2010">
  <Times creation="2024-11-30T21:32:02.6335870+05:00" queuing="2024-11-30T21:32:02.6335870+05:00" start="2024-11-30T21:32:02.0623450+05:00" finish="2024-11-30T21:32:02.6355867+05:00" />
  <TestSettings name="default" id="2a857b33-a871-4967-a6f4-c0b6df923f88">
    <Deployment runDeploymentRoot="Hashmat_DESKTOP-R2P4LJE_2024-11-30_21_32_02" />
  </TestSettings>
  <TestLists>
    <TestList name="Results Not in a List" id="8c84fa94-04c1-424b-9868-57a2d4851a1d" />
    <TestList name="All Loaded Results" id="19431567-8539-422a-85d7-44ee4e166bda" />
  </TestLists>
  <ResultSummary outcome="Completed">
    <Counters total="0" executed="0" passed="0" failed="0" error="0" timeout="0" aborted="0" inconclusive="0" passedButRunAborted="0" notRunnable="0" notExecuted="0" disconnected="0" warning="0" completed="0" inProgress="0" pending="0" />
    <RunInfos>
      <RunInfo computerName="DESKTOP-R2P4LJE" outcome="Warning" timestamp="2024-11-30T21:32:02.6145569+05:00">
        <Text>No test matches the given testcase filter `TestCategory=FlowTest` in C:\Users\Hashmat\source\repos\Magento\Magento\bin\Debug\Magento.dll</Text>
      </RunInfo>
    </RunInfos>
  </ResultSummary>
</TestRun>